
=====================================================
Gobuster v2.0.1              OJ Reeves (@TheColonial)
=====================================================
[+] Mode         : dir
[+] Url/Domain   : http://10.10.63.104/
[+] Threads      : 40
[+] Wordlist     : /opt/wordlist/big.txt
[+] Status codes : 200,204,301,302,307,403
[+] Extensions   : php,txt,html,py,sh,js
[+] Timeout      : 10s
=====================================================
=====================================================
/.htpasswd (Status: 403)
/.htpasswd.sh (Status: 403)
/.htpasswd.js (Status: 403)
/.htpasswd.php (Status: 403)
/.htpasswd.txt (Status: 403)
/.htpasswd.html (Status: 403)
/.htpasswd.py (Status: 403)
/.htaccess (Status: 403)
/.htaccess.txt (Status: 403)
/.htaccess.html (Status: 403)
/.htaccess.py (Status: 403)
/.htaccess.sh (Status: 403)
/.htaccess.js (Status: 403)
/.htaccess.php (Status: 403)
/administrator.php (Status: 200)
/index.html (Status: 200)
/server-status (Status: 403)
=====================================================
=====================================================
